2024-11-21 02:56:52.802 GMT [1]     LOG:  00000: starting PostgreSQL 17.1 (Debian 17.1-1.pgdg120+1) on x86_64-pc-linux-gnu, compiled by gcc (Debian 12.2.0-14) 12.2.0, 64-bit
2024-11-21 02:56:52.802 GMT [1]     LOCATION:  PostmasterMain, postmaster.c:1080
2024-11-21 02:56:52.804 GMT [1]     LOG:  00000: listening on IPv4 address "0.0.0.0", port 5432
2024-11-21 02:56:52.804 GMT [1]     LOCATION:  ListenServerPort, pqcomm.c:661
2024-11-21 02:56:52.804 GMT [1]     LOG:  00000: listening on IPv6 address "::", port 5432
2024-11-21 02:56:52.804 GMT [1]     LOCATION:  ListenServerPort, pqcomm.c:661
2024-11-21 02:56:52.814 GMT [1]     LOG:  00000: listening on Unix socket "/var/run/postgresql/.s.PGSQL.5432"
2024-11-21 02:56:52.814 GMT [1]     LOCATION:  ListenServerPort, pqcomm.c:657
2024-11-21 02:56:52.862 GMT [29]     LOG:  00000: database system was shut down at 2024-11-21 02:43:23 GMT
2024-11-21 02:56:52.862 GMT [29]     LOCATION:  StartupXLOG, xlog.c:5445
2024-11-21 02:56:52.949 GMT [1]     LOG:  00000: database system is ready to accept connections
2024-11-21 02:56:52.949 GMT [1]     LOCATION:  process_pm_child_exit, postmaster.c:2483
2024-11-21 03:01:52.935 GMT [27]     LOG:  00000: checkpoint starting: time
2024-11-21 03:01:52.935 GMT [27]     LOCATION:  LogCheckpointStart, xlog.c:6661
2024-11-21 03:01:53.136 GMT [27]     LOG:  00000: checkpoint complete: wrote 3 buffers (0.0%); 0 WAL file(s) added, 0 removed, 0 recycled; write=0.048 s, sync=0.021 s, total=0.202 s; sync files=2, longest=0.013 s, average=0.011 s; distance=0 kB, estimate=0 kB; lsn=0/7E98A60, redo lsn=0/7E98A08
2024-11-21 03:01:53.136 GMT [27]     LOCATION:  LogCheckpointEnd, xlog.c:6750
2024-11-21 03:12:12.565 GMT [1]     LOG:  00000: received fast shutdown request
2024-11-21 03:12:12.565 GMT [1]     LOCATION:  process_pm_shutdown_request, postmaster.c:2273
2024-11-21 03:12:12.590 GMT [1]     LOG:  00000: aborting any active transactions
2024-11-21 03:12:12.590 GMT [1]     LOCATION:  process_pm_shutdown_request, postmaster.c:2291
2024-11-21 03:12:12.616 GMT [1]     LOG:  00000: background worker "logical replication launcher" (PID 32) exited with exit code 1
2024-11-21 03:12:12.616 GMT [1]     LOCATION:  LogChildExit, postmaster.c:3076
2024-11-21 03:12:12.622 GMT [27]     LOG:  00000: shutting down
2024-11-21 03:12:12.622 GMT [27]     LOCATION:  ShutdownXLOG, xlog.c:6611
2024-11-21 03:12:12.628 GMT [27]     LOG:  00000: checkpoint starting: shutdown immediate
2024-11-21 03:12:12.628 GMT [27]     LOCATION:  LogCheckpointStart, xlog.c:6661
2024-11-21 03:12:12.738 GMT [27]     LOG:  00000: checkpoint complete: wrote 0 buffers (0.0%); 0 WAL file(s) added, 0 removed, 0 recycled; write=0.026 s, sync=0.001 s, total=0.116 s; sync files=0, longest=0.000 s, average=0.000 s; distance=0 kB, estimate=0 kB; lsn=0/7E98B10, redo lsn=0/7E98B10
2024-11-21 03:12:12.738 GMT [27]     LOCATION:  LogCheckpointEnd, xlog.c:6750
2024-11-21 03:12:12.795 GMT [1]     LOG:  00000: database system is shut down
2024-11-21 03:12:12.795 GMT [1]     LOCATION:  UnlinkLockFiles, miscinit.c:1171
