2024-11-22 05:47:23.366 GMT [1]     LOG:  00000: starting PostgreSQL 17.1 (Debian 17.1-1.pgdg120+1) on x86_64-pc-linux-gnu, compiled by gcc (Debian 12.2.0-14) 12.2.0, 64-bit
2024-11-22 05:47:23.366 GMT [1]     LOCATION:  PostmasterMain, postmaster.c:1080
2024-11-22 05:47:23.366 GMT [1]     LOG:  00000: listening on IPv4 address "0.0.0.0", port 5432
2024-11-22 05:47:23.366 GMT [1]     LOCATION:  ListenServerPort, pqcomm.c:661
2024-11-22 05:47:23.367 GMT [1]     LOG:  00000: listening on IPv6 address "::", port 5432
2024-11-22 05:47:23.367 GMT [1]     LOCATION:  ListenServerPort, pqcomm.c:661
2024-11-22 05:47:23.379 GMT [1]     LOG:  00000: listening on Unix socket "/var/run/postgresql/.s.PGSQL.5432"
2024-11-22 05:47:23.379 GMT [1]     LOCATION:  ListenServerPort, pqcomm.c:657
2024-11-22 05:47:23.437 GMT [31]     LOG:  00000: database system was interrupted; last known up at 2024-11-21 03:52:00 GMT
2024-11-22 05:47:23.437 GMT [31]     LOCATION:  StartupXLOG, xlog.c:5479
2024-11-22 05:47:31.680 GMT [31]     LOG:  00000: database system was not properly shut down; automatic recovery in progress
2024-11-22 05:47:31.680 GMT [31]     LOCATION:  InitWalRecovery, xlogrecovery.c:937
2024-11-22 05:47:31.746 GMT [31]     LOG:  00000: redo starts at 0/7E99038
2024-11-22 05:47:31.746 GMT [31]     LOCATION:  PerformWalRecovery, xlogrecovery.c:1739
2024-11-22 05:47:31.747 GMT [31]     LOG:  00000: invalid record length at 0/7E99140: expected at least 24, got 0
2024-11-22 05:47:31.747 GMT [31]     LOCATION:  ReadRecord, xlogrecovery.c:3186
2024-11-22 05:47:31.747 GMT [31]     LOG:  00000: redo done at 0/7E99108 system usage: CPU: user: 0.00 s, system: 0.00 s, elapsed: 0.00 s
2024-11-22 05:47:31.747 GMT [31]     LOCATION:  PerformWalRecovery, xlogrecovery.c:1874
2024-11-22 05:47:31.824 GMT [29]     LOG:  00000: checkpoint starting: end-of-recovery immediate wait
2024-11-22 05:47:31.824 GMT [29]     LOCATION:  LogCheckpointStart, xlog.c:6661
2024-11-22 05:47:31.893 GMT [29]     LOG:  00000: checkpoint complete: wrote 3 buffers (0.0%); 0 WAL file(s) added, 0 removed, 0 recycled; write=0.022 s, sync=0.007 s, total=0.073 s; sync files=2, longest=0.004 s, average=0.004 s; distance=0 kB, estimate=0 kB; lsn=0/7E99140, redo lsn=0/7E99140
2024-11-22 05:47:31.893 GMT [29]     LOCATION:  LogCheckpointEnd, xlog.c:6750
2024-11-22 05:47:31.908 GMT [1]     LOG:  00000: database system is ready to accept connections
2024-11-22 05:47:31.908 GMT [1]     LOCATION:  process_pm_child_exit, postmaster.c:2483
2024-11-22 05:53:54.323 GMT [1]     LOG:  00000: received fast shutdown request
2024-11-22 05:53:54.323 GMT [1]     LOCATION:  process_pm_shutdown_request, postmaster.c:2273
2024-11-22 05:53:54.372 GMT [1]     LOG:  00000: aborting any active transactions
2024-11-22 05:53:54.372 GMT [1]     LOCATION:  process_pm_shutdown_request, postmaster.c:2291
2024-11-22 05:53:54.397 GMT [1]     LOG:  00000: background worker "logical replication launcher" (PID 34) exited with exit code 1
2024-11-22 05:53:54.397 GMT [1]     LOCATION:  LogChildExit, postmaster.c:3076
2024-11-22 05:53:54.400 GMT [29]     LOG:  00000: shutting down
2024-11-22 05:53:54.400 GMT [29]     LOCATION:  ShutdownXLOG, xlog.c:6611
2024-11-22 05:53:54.411 GMT [29]     LOG:  00000: checkpoint starting: shutdown immediate
2024-11-22 05:53:54.411 GMT [29]     LOCATION:  LogCheckpointStart, xlog.c:6661
2024-11-22 05:53:54.521 GMT [29]     LOG:  00000: checkpoint complete: wrote 0 buffers (0.0%); 0 WAL file(s) added, 0 removed, 0 recycled; write=0.022 s, sync=0.001 s, total=0.121 s; sync files=0, longest=0.000 s, average=0.000 s; distance=0 kB, estimate=0 kB; lsn=0/7E991F0, redo lsn=0/7E991F0
2024-11-22 05:53:54.521 GMT [29]     LOCATION:  LogCheckpointEnd, xlog.c:6750
2024-11-22 05:53:54.560 GMT [1]     LOG:  00000: database system is shut down
2024-11-22 05:53:54.560 GMT [1]     LOCATION:  UnlinkLockFiles, miscinit.c:1171
