2024-11-22 07:25:52.920 GMT [1]     LOG:  00000: starting PostgreSQL 17.1 (Debian 17.1-1.pgdg120+1) on x86_64-pc-linux-gnu, compiled by gcc (Debian 12.2.0-14) 12.2.0, 64-bit
2024-11-22 07:25:52.920 GMT [1]     LOCATION:  PostmasterMain, postmaster.c:1080
2024-11-22 07:25:52.921 GMT [1]     LOG:  00000: listening on IPv4 address "0.0.0.0", port 5432
2024-11-22 07:25:52.921 GMT [1]     LOCATION:  ListenServerPort, pqcomm.c:661
2024-11-22 07:25:52.921 GMT [1]     LOG:  00000: listening on IPv6 address "::", port 5432
2024-11-22 07:25:52.921 GMT [1]     LOCATION:  ListenServerPort, pqcomm.c:661
2024-11-22 07:25:52.934 GMT [1]     LOG:  00000: listening on Unix socket "/var/run/postgresql/.s.PGSQL.5432"
2024-11-22 07:25:52.934 GMT [1]     LOCATION:  ListenServerPort, pqcomm.c:657
2024-11-22 07:25:53.020 GMT [31]     LOG:  00000: database system was shut down at 2024-11-22 07:25:21 GMT
2024-11-22 07:25:53.020 GMT [31]     LOCATION:  StartupXLOG, xlog.c:5445
2024-11-22 07:25:53.108 GMT [1]     LOG:  00000: database system is ready to accept connections
2024-11-22 07:25:53.108 GMT [1]     LOCATION:  process_pm_child_exit, postmaster.c:2483
2024-11-22 07:26:59.644 GMT [1]     LOG:  00000: received fast shutdown request
2024-11-22 07:26:59.644 GMT [1]     LOCATION:  process_pm_shutdown_request, postmaster.c:2273
2024-11-22 07:26:59.684 GMT [1]     LOG:  00000: aborting any active transactions
2024-11-22 07:26:59.684 GMT [1]     LOCATION:  process_pm_shutdown_request, postmaster.c:2291
2024-11-22 07:26:59.710 GMT [1]     LOG:  00000: background worker "logical replication launcher" (PID 34) exited with exit code 1
2024-11-22 07:26:59.710 GMT [1]     LOCATION:  LogChildExit, postmaster.c:3076
2024-11-22 07:26:59.719 GMT [29]     LOG:  00000: shutting down
2024-11-22 07:26:59.719 GMT [29]     LOCATION:  ShutdownXLOG, xlog.c:6611
2024-11-22 07:26:59.731 GMT [29]     LOG:  00000: checkpoint starting: shutdown immediate
2024-11-22 07:26:59.731 GMT [29]     LOCATION:  LogCheckpointStart, xlog.c:6661
2024-11-22 07:26:59.999 GMT [29]     LOG:  00000: checkpoint complete: wrote 3 buffers (0.0%); 0 WAL file(s) added, 0 removed, 0 recycled; write=0.068 s, sync=0.019 s, total=0.281 s; sync files=2, longest=0.010 s, average=0.010 s; distance=0 kB, estimate=0 kB; lsn=0/51BBBD0, redo lsn=0/51BBBD0
2024-11-22 07:26:59.999 GMT [29]     LOCATION:  LogCheckpointEnd, xlog.c:6750
2024-11-22 07:27:00.051 GMT [1]     LOG:  00000: database system is shut down
2024-11-22 07:27:00.051 GMT [1]     LOCATION:  UnlinkLockFiles, miscinit.c:1171
