2024-11-20 21:26:42.938 GMT [1]     LOG:  00000: starting PostgreSQL 17.1 (Debian 17.1-1.pgdg120+1) on x86_64-pc-linux-gnu, compiled by gcc (Debian 12.2.0-14) 12.2.0, 64-bit
2024-11-20 21:26:42.938 GMT [1]     LOCATION:  PostmasterMain, postmaster.c:1080
2024-11-20 21:26:42.939 GMT [1]     LOG:  00000: listening on IPv4 address "0.0.0.0", port 5432
2024-11-20 21:26:42.939 GMT [1]     LOCATION:  ListenServerPort, pqcomm.c:661
2024-11-20 21:26:42.939 GMT [1]     LOG:  00000: listening on IPv6 address "::", port 5432
2024-11-20 21:26:42.939 GMT [1]     LOCATION:  ListenServerPort, pqcomm.c:661
2024-11-20 21:26:42.949 GMT [1]     LOG:  00000: listening on Unix socket "/var/run/postgresql/.s.PGSQL.5432"
2024-11-20 21:26:42.949 GMT [1]     LOCATION:  ListenServerPort, pqcomm.c:657
2024-11-20 21:26:43.010 GMT [30]     LOG:  00000: database system was shut down at 2024-11-20 21:26:21 GMT
2024-11-20 21:26:43.010 GMT [30]     LOCATION:  StartupXLOG, xlog.c:5445
2024-11-20 21:26:43.077 GMT [1]     LOG:  00000: database system is ready to accept connections
2024-11-20 21:26:43.077 GMT [1]     LOCATION:  process_pm_child_exit, postmaster.c:2483
2024-11-20 21:27:50.418 GMT [1]     LOG:  00000: received fast shutdown request
2024-11-20 21:27:50.418 GMT [1]     LOCATION:  process_pm_shutdown_request, postmaster.c:2273
2024-11-20 21:27:50.430 GMT [1]     LOG:  00000: aborting any active transactions
2024-11-20 21:27:50.430 GMT [1]     LOCATION:  process_pm_shutdown_request, postmaster.c:2291
2024-11-20 21:27:50.454 GMT [1]     LOG:  00000: background worker "logical replication launcher" (PID 33) exited with exit code 1
2024-11-20 21:27:50.454 GMT [1]     LOCATION:  LogChildExit, postmaster.c:3076
2024-11-20 21:27:50.455 GMT [28]     LOG:  00000: shutting down
2024-11-20 21:27:50.455 GMT [28]     LOCATION:  ShutdownXLOG, xlog.c:6611
2024-11-20 21:27:50.469 GMT [28]     LOG:  00000: checkpoint starting: shutdown immediate
2024-11-20 21:27:50.469 GMT [28]     LOCATION:  LogCheckpointStart, xlog.c:6661
2024-11-20 21:27:50.738 GMT [28]     LOG:  00000: checkpoint complete: wrote 3 buffers (0.0%); 0 WAL file(s) added, 0 removed, 0 recycled; write=0.091 s, sync=0.030 s, total=0.282 s; sync files=2, longest=0.019 s, average=0.015 s; distance=0 kB, estimate=0 kB; lsn=0/51B82E8, redo lsn=0/51B82E8
2024-11-20 21:27:50.738 GMT [28]     LOCATION:  LogCheckpointEnd, xlog.c:6750
2024-11-20 21:27:50.795 GMT [1]     LOG:  00000: database system is shut down
2024-11-20 21:27:50.795 GMT [1]     LOCATION:  UnlinkLockFiles, miscinit.c:1171
