2024-11-20 21:49:31.262 GMT [1]     LOG:  00000: starting PostgreSQL 17.1 (Debian 17.1-1.pgdg120+1) on x86_64-pc-linux-gnu, compiled by gcc (Debian 12.2.0-14) 12.2.0, 64-bit
2024-11-20 21:49:31.262 GMT [1]     LOCATION:  PostmasterMain, postmaster.c:1080
2024-11-20 21:49:31.262 GMT [1]     LOG:  00000: listening on IPv4 address "0.0.0.0", port 5432
2024-11-20 21:49:31.262 GMT [1]     LOCATION:  ListenServerPort, pqcomm.c:661
2024-11-20 21:49:31.262 GMT [1]     LOG:  00000: listening on IPv6 address "::", port 5432
2024-11-20 21:49:31.262 GMT [1]     LOCATION:  ListenServerPort, pqcomm.c:661
2024-11-20 21:49:31.272 GMT [1]     LOG:  00000: listening on Unix socket "/var/run/postgresql/.s.PGSQL.5432"
2024-11-20 21:49:31.272 GMT [1]     LOCATION:  ListenServerPort, pqcomm.c:657
2024-11-20 21:49:31.337 GMT [30]     LOG:  00000: database system was shut down at 2024-11-20 21:49:18 GMT
2024-11-20 21:49:31.337 GMT [30]     LOCATION:  StartupXLOG, xlog.c:5445
2024-11-20 21:49:31.420 GMT [1]     LOG:  00000: database system is ready to accept connections
2024-11-20 21:49:31.420 GMT [1]     LOCATION:  process_pm_child_exit, postmaster.c:2483
2024-11-20 21:50:13.213 GMT [1]     LOG:  00000: received fast shutdown request
2024-11-20 21:50:13.213 GMT [1]     LOCATION:  process_pm_shutdown_request, postmaster.c:2273
2024-11-20 21:50:13.233 GMT [1]     LOG:  00000: aborting any active transactions
2024-11-20 21:50:13.233 GMT [1]     LOCATION:  process_pm_shutdown_request, postmaster.c:2291
2024-11-20 21:50:13.235 GMT [35] payments postgres [unknown] 172.18.0.2 FATAL:  57P01: terminating connection due to administrator command
2024-11-20 21:50:13.235 GMT [35] payments postgres [unknown] 172.18.0.2 LOCATION:  ProcessInterrupts, postgres.c:3315
2024-11-20 21:50:13.252 GMT [1]     LOG:  00000: background worker "logical replication launcher" (PID 33) exited with exit code 1
2024-11-20 21:50:13.252 GMT [1]     LOCATION:  LogChildExit, postmaster.c:3076
2024-11-20 21:50:13.296 GMT [28]     LOG:  00000: shutting down
2024-11-20 21:50:13.296 GMT [28]     LOCATION:  ShutdownXLOG, xlog.c:6611
2024-11-20 21:50:13.306 GMT [28]     LOG:  00000: checkpoint starting: shutdown immediate
2024-11-20 21:50:13.306 GMT [28]     LOCATION:  LogCheckpointStart, xlog.c:6661
2024-11-20 21:50:13.477 GMT [28]     LOG:  00000: checkpoint complete: wrote 3 buffers (0.0%); 0 WAL file(s) added, 0 removed, 0 recycled; write=0.042 s, sync=0.016 s, total=0.181 s; sync files=2, longest=0.009 s, average=0.008 s; distance=0 kB, estimate=0 kB; lsn=0/2E29348, redo lsn=0/2E29348
2024-11-20 21:50:13.477 GMT [28]     LOCATION:  LogCheckpointEnd, xlog.c:6750
2024-11-20 21:50:13.536 GMT [1]     LOG:  00000: database system is shut down
2024-11-20 21:50:13.536 GMT [1]     LOCATION:  UnlinkLockFiles, miscinit.c:1171
