2024-11-22 07:13:17.021 GMT [1]     LOG:  00000: starting PostgreSQL 17.1 (Debian 17.1-1.pgdg120+1) on x86_64-pc-linux-gnu, compiled by gcc (Debian 12.2.0-14) 12.2.0, 64-bit
2024-11-22 07:13:17.021 GMT [1]     LOCATION:  PostmasterMain, postmaster.c:1080
2024-11-22 07:13:17.022 GMT [1]     LOG:  00000: listening on IPv4 address "0.0.0.0", port 5432
2024-11-22 07:13:17.022 GMT [1]     LOCATION:  ListenServerPort, pqcomm.c:661
2024-11-22 07:13:17.022 GMT [1]     LOG:  00000: listening on IPv6 address "::", port 5432
2024-11-22 07:13:17.022 GMT [1]     LOCATION:  ListenServerPort, pqcomm.c:661
2024-11-22 07:13:17.103 GMT [1]     LOG:  00000: listening on Unix socket "/var/run/postgresql/.s.PGSQL.5432"
2024-11-22 07:13:17.103 GMT [1]     LOCATION:  ListenServerPort, pqcomm.c:657
2024-11-22 07:13:17.289 GMT [30]     LOG:  00000: database system was shut down at 2024-11-22 07:12:37 GMT
2024-11-22 07:13:17.289 GMT [30]     LOCATION:  StartupXLOG, xlog.c:5445
2024-11-22 07:13:17.545 GMT [1]     LOG:  00000: database system is ready to accept connections
2024-11-22 07:13:17.545 GMT [1]     LOCATION:  process_pm_child_exit, postmaster.c:2483
2024-11-22 07:18:17.193 GMT [28]     LOG:  00000: checkpoint starting: time
2024-11-22 07:18:17.193 GMT [28]     LOCATION:  LogCheckpointStart, xlog.c:6661
2024-11-22 07:18:17.391 GMT [28]     LOG:  00000: checkpoint complete: wrote 3 buffers (0.0%); 0 WAL file(s) added, 0 removed, 0 recycled; write=0.068 s, sync=0.021 s, total=0.199 s; sync files=2, longest=0.013 s, average=0.011 s; distance=0 kB, estimate=0 kB; lsn=0/2E2B240, redo lsn=0/2E2B1E8
2024-11-22 07:18:17.391 GMT [28]     LOCATION:  LogCheckpointEnd, xlog.c:6750
2024-11-22 07:18:43.114 GMT [1]     LOG:  00000: received fast shutdown request
2024-11-22 07:18:43.114 GMT [1]     LOCATION:  process_pm_shutdown_request, postmaster.c:2273
2024-11-22 07:18:43.172 GMT [1]     LOG:  00000: aborting any active transactions
2024-11-22 07:18:43.172 GMT [1]     LOCATION:  process_pm_shutdown_request, postmaster.c:2291
2024-11-22 07:18:43.217 GMT [1]     LOG:  00000: background worker "logical replication launcher" (PID 33) exited with exit code 1
2024-11-22 07:18:43.217 GMT [1]     LOCATION:  LogChildExit, postmaster.c:3076
