2024-11-20 20:55:21.944 GMT [1]     LOG:  00000: starting PostgreSQL 17.1 (Debian 17.1-1.pgdg120+1) on x86_64-pc-linux-gnu, compiled by gcc (Debian 12.2.0-14) 12.2.0, 64-bit
2024-11-20 20:55:21.944 GMT [1]     LOCATION:  PostmasterMain, postmaster.c:1080
2024-11-20 20:55:21.945 GMT [1]     LOG:  00000: listening on IPv4 address "0.0.0.0", port 5432
2024-11-20 20:55:21.945 GMT [1]     LOCATION:  ListenServerPort, pqcomm.c:661
2024-11-20 20:55:21.945 GMT [1]     LOG:  00000: listening on IPv6 address "::", port 5432
2024-11-20 20:55:21.945 GMT [1]     LOCATION:  ListenServerPort, pqcomm.c:661
2024-11-20 20:55:21.955 GMT [1]     LOG:  00000: listening on Unix socket "/var/run/postgresql/.s.PGSQL.5432"
2024-11-20 20:55:21.955 GMT [1]     LOCATION:  ListenServerPort, pqcomm.c:657
2024-11-20 20:55:22.001 GMT [30]     LOG:  00000: database system was shut down at 2024-11-20 20:55:07 GMT
2024-11-20 20:55:22.001 GMT [30]     LOCATION:  StartupXLOG, xlog.c:5445
2024-11-20 20:55:22.064 GMT [1]     LOG:  00000: database system is ready to accept connections
2024-11-20 20:55:22.064 GMT [1]     LOCATION:  process_pm_child_exit, postmaster.c:2483
2024-11-20 21:00:22.045 GMT [28]     LOG:  00000: checkpoint starting: time
2024-11-20 21:00:22.045 GMT [28]     LOCATION:  LogCheckpointStart, xlog.c:6661
2024-11-20 21:00:22.207 GMT [28]     LOG:  00000: checkpoint complete: wrote 3 buffers (0.0%); 0 WAL file(s) added, 0 removed, 0 recycled; write=0.054 s, sync=0.019 s, total=0.162 s; sync files=2, longest=0.010 s, average=0.010 s; distance=0 kB, estimate=0 kB; lsn=0/2E28D18, redo lsn=0/2E28CC0
2024-11-20 21:00:22.207 GMT [28]     LOCATION:  LogCheckpointEnd, xlog.c:6750
2024-11-20 21:26:20.607 GMT [1]     LOG:  00000: received fast shutdown request
2024-11-20 21:26:20.607 GMT [1]     LOCATION:  process_pm_shutdown_request, postmaster.c:2273
2024-11-20 21:26:20.645 GMT [1]     LOG:  00000: aborting any active transactions
2024-11-20 21:26:20.645 GMT [1]     LOCATION:  process_pm_shutdown_request, postmaster.c:2291
2024-11-20 21:26:20.649 GMT [145] payments postgres [unknown] 172.18.0.5 FATAL:  57P01: terminating connection due to administrator command
2024-11-20 21:26:20.649 GMT [145] payments postgres [unknown] 172.18.0.5 LOCATION:  ProcessInterrupts, postgres.c:3315
2024-11-20 21:26:20.729 GMT [1]     LOG:  00000: background worker "logical replication launcher" (PID 33) exited with exit code 1
2024-11-20 21:26:20.729 GMT [1]     LOCATION:  LogChildExit, postmaster.c:3076
2024-11-20 21:26:20.732 GMT [28]     LOG:  00000: shutting down
2024-11-20 21:26:20.732 GMT [28]     LOCATION:  ShutdownXLOG, xlog.c:6611
2024-11-20 21:26:20.770 GMT [28]     LOG:  00000: checkpoint starting: shutdown immediate
2024-11-20 21:26:20.770 GMT [28]     LOCATION:  LogCheckpointStart, xlog.c:6661
2024-11-20 21:26:20.941 GMT [28]     LOG:  00000: checkpoint complete: wrote 0 buffers (0.0%); 0 WAL file(s) added, 0 removed, 0 recycled; write=0.045 s, sync=0.001 s, total=0.208 s; sync files=0, longest=0.000 s, average=0.000 s; distance=0 kB, estimate=0 kB; lsn=0/2E28DC8, redo lsn=0/2E28DC8
2024-11-20 21:26:20.941 GMT [28]     LOCATION:  LogCheckpointEnd, xlog.c:6750
2024-11-20 21:26:21.054 GMT [1]     LOG:  00000: database system is shut down
2024-11-20 21:26:21.054 GMT [1]     LOCATION:  UnlinkLockFiles, miscinit.c:1171
